Training Loss	
-8.3692e+00	
-9.4991e+00	
-9.8014e+00	
-1.0007e+01	
-1.0165e+01	
-1.0295e+01	
-1.0402e+01	
-1.0492e+01	
-1.0570e+01	
-1.0638e+01	
-1.0697e+01	
-1.0750e+01	
-1.0798e+01	
-1.0841e+01	
-1.0881e+01	
-1.0918e+01	
-1.0952e+01	
-1.0983e+01	
-1.1013e+01	
-1.1040e+01	
-1.1067e+01	
-1.1091e+01	
-1.1115e+01	
-1.1136e+01	
-1.1157e+01	
-1.1178e+01	
-1.1196e+01	
-1.1215e+01	
-1.1232e+01	
-1.1249e+01	
-1.1265e+01	
-1.1281e+01	
-1.1296e+01	
-1.1310e+01	
-1.1324e+01	
-1.1336e+01	
-1.1349e+01	
-1.1362e+01	
-1.1374e+01	
-1.1386e+01	
-1.1397e+01	
-1.1408e+01	
-1.1419e+01	
-1.1429e+01	
-1.1439e+01	
-1.1449e+01	
-1.1458e+01	
-1.1467e+01	
-1.1476e+01	
-1.1485e+01	
-1.1493e+01	
-1.1500e+01	
-1.1508e+01	
-1.1515e+01	
-1.1522e+01	
-1.1530e+01	
-1.1537e+01	
-1.1544e+01	
-1.1551e+01	
-1.1557e+01	
-1.1563e+01	
-1.1568e+01	
-1.1573e+01	
-1.1579e+01	
-1.1585e+01	
-1.1590e+01	
-1.1595e+01	
-1.1600e+01	
-1.1606e+01	
-1.1609e+01	
-1.1614e+01	
-1.1619e+01	
-1.1622e+01	
-1.1627e+01	
-1.1630e+01	
-1.1635e+01	
-1.1639e+01	
-1.1643e+01	
-1.1646e+01	
-1.1650e+01	
-1.1653e+01	
-1.1656e+01	
-1.1660e+01	
-1.1662e+01	
-1.1666e+01	
-1.1668e+01	
-1.1670e+01	
-1.1673e+01	
-1.1675e+01	
-1.1677e+01	
-1.1680e+01	
-1.1680e+01	
-1.1683e+01	
-1.1685e+01	
-1.1686e+01	
-1.1687e+01	
-1.1688e+01	
-1.1690e+01	
-1.1692e+01	
-1.1695e+01	
