Training Loss	
-9.1089e+00	
-1.0266e+01	
-1.0576e+01	
-1.0770e+01	
-1.0914e+01	
-1.1030e+01	
-1.1129e+01	
-1.1215e+01	
-1.1290e+01	
-1.1357e+01	
-1.1418e+01	
-1.1472e+01	
-1.1522e+01	
-1.1567e+01	
-1.1609e+01	
-1.1648e+01	
-1.1684e+01	
-1.1718e+01	
-1.1749e+01	
-1.1778e+01	
-1.1806e+01	
-1.1832e+01	
-1.1857e+01	
-1.1880e+01	
-1.1902e+01	
-1.1923e+01	
-1.1943e+01	
-1.1963e+01	
-1.1981e+01	
-1.1998e+01	
-1.2015e+01	
-1.2032e+01	
-1.2047e+01	
-1.2062e+01	
-1.2077e+01	
-1.2091e+01	
-1.2104e+01	
-1.2118e+01	
-1.2130e+01	
-1.2142e+01	
-1.2154e+01	
-1.2166e+01	
-1.2177e+01	
-1.2187e+01	
-1.2198e+01	
-1.2209e+01	
-1.2219e+01	
-1.2228e+01	
-1.2238e+01	
-1.2247e+01	
-1.2256e+01	
-1.2265e+01	
-1.2274e+01	
-1.2282e+01	
-1.2290e+01	
-1.2298e+01	
-1.2306e+01	
-1.2314e+01	
-1.2322e+01	
-1.2329e+01	
-1.2337e+01	
-1.2344e+01	
-1.2351e+01	
-1.2357e+01	
-1.2364e+01	
-1.2371e+01	
-1.2378e+01	
-1.2384e+01	
-1.2391e+01	
-1.2397e+01	
-1.2403e+01	
-1.2409e+01	
-1.2415e+01	
-1.2421e+01	
-1.2426e+01	
-1.2432e+01	
-1.2438e+01	
-1.2443e+01	
-1.2449e+01	
-1.2454e+01	
-1.2459e+01	
-1.2465e+01	
-1.2470e+01	
-1.2475e+01	
-1.2480e+01	
-1.2485e+01	
-1.2489e+01	
-1.2494e+01	
-1.2499e+01	
-1.2504e+01	
-1.2509e+01	
-1.2514e+01	
-1.2518e+01	
-1.2523e+01	
-1.2527e+01	
-1.2532e+01	
-1.2536e+01	
-1.2540e+01	
-1.2544e+01	
-1.2548e+01	
